<?xml version="1.0" encoding="UTF-8"?>
<testng-results ignored="0" total="2" passed="2" failed="0" skipped="0">
  <reporter-output>
  </reporter-output>
  <suite started-at="2025-01-03T21:15:34 IST" name="Suite" finished-at="2025-01-03T21:15:54 IST" duration-ms="20341">
    <groups>
    </groups>
    <test started-at="2025-01-03T21:15:34 IST" name="Test" finished-at="2025-01-03T21:15:54 IST" duration-ms="20341">
      <class name="testCases.TC002_LoginTest">
        <test-method is-config="true" signature="setup(java.lang.String)[pri:0, instance:testCases.TC002_LoginTest@2dcd168a]" started-at="2025-01-03T21:15:48 IST" name="setup" finished-at="2025-01-03T21:15:52 IST" duration-ms="3953" status="PASS">
          <params>
            <param index="0">
              <value>
                <![CDATA[chrome]]>
              </value>
            </param>
          </params>
          <reporter-output>
          </reporter-output>
        </test-method> <!-- setup -->
        <test-method signature="verify_Login()[pri:0, instance:testCases.TC002_LoginTest@2dcd168a]" started-at="2025-01-03T21:15:52 IST" name="verify_Login" finished-at="2025-01-03T21:15:54 IST" duration-ms="2064" status="PASS">
          <reporter-output>
          </reporter-output>
        </test-method> <!-- verify_Login -->
        <test-method is-config="true" signature="tearDown()[pri:0, instance:testCases.TC002_LoginTest@2dcd168a]" started-at="2025-01-03T21:15:54 IST" name="tearDown" finished-at="2025-01-03T21:15:54 IST" duration-ms="289" status="PASS">
          <reporter-output>
          </reporter-output>
        </test-method> <!-- tearDown -->
      </class> <!-- testCases.TC002_LoginTest -->
      <class name="testCases.TC001_AccountRegistrationTest">
        <test-method is-config="true" signature="setup(java.lang.String)[pri:0, instance:testCases.TC001_AccountRegistrationTest@16ce702d]" started-at="2025-01-03T21:15:34 IST" name="setup" finished-at="2025-01-03T21:15:44 IST" duration-ms="10201" status="PASS">
          <params>
            <param index="0">
              <value>
                <![CDATA[chrome]]>
              </value>
            </param>
          </params>
          <reporter-output>
          </reporter-output>
        </test-method> <!-- setup -->
        <test-method signature="verify_Account_Registration()[pri:0, instance:testCases.TC001_AccountRegistrationTest@16ce702d]" started-at="2025-01-03T21:15:44 IST" name="verify_Account_Registration" finished-at="2025-01-03T21:15:47 IST" duration-ms="3327" status="PASS">
          <reporter-output>
          </reporter-output>
        </test-method> <!-- verify_Account_Registration -->
        <test-method is-config="true" signature="tearDown()[pri:0, instance:testCases.TC001_AccountRegistrationTest@16ce702d]" started-at="2025-01-03T21:15:47 IST" name="tearDown" finished-at="2025-01-03T21:15:48 IST" duration-ms="399" status="PASS">
          <reporter-output>
          </reporter-output>
        </test-method> <!-- tearDown -->
      </class> <!-- testCases.TC001_AccountRegistrationTest -->
    </test> <!-- Test -->
  </suite> <!-- Suite -->
</testng-results>
